(sdxl) guoyaoli@Guoyaos-MacBook-Pro import_sdxl % PYTORCH_MPS_HIGH_WATERMARK_RATIO=0.0 python try_through.py
/Users/guoyaoli/tvm_work/tvm/python/tvm/__init__.py
start to infer
tensor([[[[ 2.4977e-01, -3.7580e-01, -1.7841e-01,  ..., -4.3326e-01,
            7.2235e-01,  7.6843e-02],
          [ 1.0295e+00, -3.0875e-01, -1.1051e+00,  ..., -8.8837e-01,
           -3.0848e-01,  7.0703e-02],
          [-6.9976e-01,  4.2657e-01,  3.1030e-01,  ...,  4.9716e-01,
           -5.6898e-01, -8.0898e-02],
          ...,
          [ 8.5587e-01, -1.2406e+00,  3.2766e-01,  ..., -2.1570e-01,
           -8.1603e-01, -9.0198e-01],
          [-8.4627e-01, -4.4299e-01, -2.3291e-01,  ...,  2.1270e-01,
           -6.2693e-02, -4.4264e-01],
          [ 3.1944e-01, -7.0082e-01,  4.2924e-03,  ..., -2.5500e-01,
            8.4781e-02,  1.1600e-01]],

         [[ 3.6331e-02, -9.0566e-01,  1.2851e+00,  ..., -3.4680e-01,
            8.8578e-01,  9.7602e-01],
          [ 4.5778e-01,  8.6892e-01,  6.2567e-01,  ..., -2.4912e+00,
            3.0668e-02, -4.5533e-01],
          [-5.3064e-02,  5.1257e-01,  1.2320e+00,  ..., -9.5498e-02,
            3.8248e-01, -9.2307e-01],
          ...,
          [ 2.2747e+00,  7.1187e-02, -4.5627e-01,  ...,  1.2084e+00,
            4.7869e-02, -4.6166e-01],
          [ 4.2116e-01, -1.5347e+00, -9.1914e-02,  ...,  9.0628e-01,
            1.5881e+00, -9.7568e-01],
          [-7.1896e-01,  2.1168e+00, -3.7036e-01,  ..., -8.9819e-01,
           -1.0212e+00,  1.3788e+00]],

         [[ 8.0766e-01,  3.6852e-01,  4.0791e-01,  ...,  1.3392e+00,
            7.6686e-01, -8.5577e-02],
          [ 4.7703e-01, -2.0217e-01, -6.7932e-01,  ...,  8.4028e-01,
           -1.5238e+00, -7.4834e-01],
          [-1.9643e-01, -7.1540e-01, -1.6321e-01,  ...,  8.7487e-01,
           -2.1305e-01, -5.2941e-01],
          ...,
          [-2.5915e-01,  8.9222e-01,  5.8479e-01,  ...,  6.2230e-01,
           -6.6507e-01, -1.1518e-01],
          [ 1.7913e+00, -7.8419e-01, -4.8236e-01,  ...,  6.5486e-03,
            1.5951e+00, -9.6049e-03],
          [-1.1127e+00,  1.4217e+00, -2.6084e-01,  ...,  1.0954e+00,
           -7.1259e-01,  4.2962e-01]],

         [[-9.3145e-01,  1.8718e+00,  5.8866e-01,  ...,  1.2699e+00,
           -4.1654e-01, -6.7689e-01],
          [ 7.1482e-01, -4.7902e-01, -1.5408e-01,  ...,  6.8061e-01,
           -1.0949e+00, -1.3914e-01],
          [ 4.4703e-01,  9.3821e-01,  5.5639e-01,  ...,  1.3789e+00,
            7.5186e-01,  8.9369e-01],
          ...,
          [-1.1267e+00,  2.8653e-01, -2.2281e+00,  ...,  2.2082e-01,
           -7.4157e-01, -2.1499e-01],
          [ 7.8258e-01,  6.8743e-01, -5.9533e-01,  ...,  7.5782e-01,
           -1.7340e+00,  9.7482e-01],
          [-7.7282e-01,  7.0496e-02,  7.5132e-02,  ..., -2.1762e+00,
            2.5667e+00,  5.9487e-01]]],


        [[[ 5.6565e-01, -1.4073e+00,  1.0875e+00,  ...,  8.8630e-01,
            2.1523e-03,  1.2998e+00],
          [-1.3834e+00,  7.5635e-01, -4.7501e-01,  ...,  4.4720e-02,
            4.9755e-01, -4.2290e-01],
          [-5.1949e-02, -4.3167e-01, -6.4678e-01,  ..., -5.6221e-01,
           -1.2259e-01,  8.0854e-01],
          ...,
          [ 3.9663e-01,  5.8184e-01, -9.3006e-01,  ...,  1.3741e+00,
            4.3587e-01, -1.5984e+00],
          [-7.9478e-01, -8.5414e-01, -9.8054e-02,  ..., -1.1358e+00,
            4.6706e-01,  4.5923e-01],
          [ 1.1179e+00,  2.5343e-01, -1.3411e-01,  ...,  8.1772e-01,
           -1.6821e+00,  8.6314e-01]],

         [[ 2.6204e-01, -7.9341e-01,  4.2856e-01,  ..., -9.4744e-02,
           -2.7570e-01, -1.1758e+00],
          [ 9.1841e-01, -4.6406e-01,  4.0403e-01,  ..., -8.3276e-01,
            3.8048e-01,  1.1515e+00],
          [-5.1968e-01,  2.0068e-01, -1.0178e+00,  ...,  1.3736e+00,
           -5.3274e-02,  6.3587e-01],
          ...,
          [ 6.7184e-02, -1.6348e-02, -1.7293e+00,  ..., -4.8612e-01,
           -2.7442e-02, -1.9471e-01],
          [ 2.6264e-01, -2.9206e-01, -3.2132e-01,  ..., -4.5662e-01,
           -1.2223e+00, -4.8886e-01],
          [ 1.1618e+00, -3.4804e-01,  1.5680e+00,  ...,  1.2820e+00,
            3.3995e-01,  1.4621e-01]],

         [[ 9.6995e-01,  2.9551e-01,  4.6109e-01,  ..., -9.9805e-01,
           -3.0110e-01,  1.3295e+00],
          [-5.4208e-01,  2.2648e-01, -3.5128e-01,  ...,  2.8564e-01,
            1.5883e+00,  5.7045e-01],
          [ 1.0514e+00,  7.1024e-01, -2.0446e+00,  ...,  2.9080e-01,
           -6.6710e-02,  1.1243e+00],
          ...,
          [-2.9284e-01,  1.2204e+00,  7.7835e-01,  ...,  7.1283e-01,
            9.0925e-01,  7.6310e-02],
          [-1.0067e+00,  4.2394e-01,  9.9420e-01,  ...,  6.8032e-01,
           -4.9774e-02, -2.6862e+00],
          [ 1.9137e+00, -2.8943e+00,  8.9254e-01,  ...,  1.3669e-01,
            1.2018e+00, -1.0233e+00]],

         [[ 5.8297e-01,  4.2342e-01,  4.7983e-01,  ...,  7.1013e-02,
            2.7492e-01,  8.6269e-01],
          [ 8.2624e-01,  2.5182e-01, -1.6072e+00,  ..., -1.0978e-01,
            1.2481e+00,  7.6014e-01],
          [-2.4234e+00,  1.0639e+00, -1.1024e+00,  ...,  2.7457e-01,
           -1.3755e+00,  8.6827e-01],
          ...,
          [-9.9227e-01, -1.3918e-01, -4.6935e-01,  ...,  2.1280e-01,
           -1.6147e+00, -1.2106e-01],
          [ 2.3615e-01,  7.2779e-01, -1.5658e+00,  ..., -2.6305e-01,
           -9.5801e-01, -5.4619e-01],
          [ 8.4681e-01,  8.5149e-01,  4.3554e-01,  ...,  1.2984e+00,
           -3.5669e-01,  1.6931e+00]]]], device='mps:0',
       grad_fn=<ConvolutionBackward0>)
successfully run through